2024-02-01T03:44:48.237Z - info: Website generation started at 11:44:48 am
2024-02-01T03:44:51.209Z - info: Building assets...
2024-02-01T03:44:54.133Z - info: Assets built
2024-02-01T03:44:54.133Z - info: Generating pages...
2024-02-01T03:45:03.229Z - debug:  
2024-02-01T03:45:03.230Z - debug:  
2024-02-01T03:45:03.230Z - debug:  
2024-02-01T03:45:03.231Z - debug:  
2024-02-01T03:45:03.231Z - debug:  
2024-02-01T03:45:03.231Z - debug:  
2024-02-01T03:45:03.231Z - debug:  
2024-02-01T03:45:03.231Z - debug:  
2024-02-01T03:45:03.231Z - debug:  
2024-02-01T03:45:03.231Z - debug:  
2024-02-01T03:45:03.231Z - debug:  
2024-02-01T03:45:03.231Z - debug:  
2024-02-01T03:45:03.231Z - debug:  
2024-02-01T03:45:03.231Z - debug:  
2024-02-01T03:45:03.231Z - debug:  
2024-02-01T03:45:03.231Z - debug:  
2024-02-01T03:45:05.942Z - debug:  
2024-02-01T03:46:07.049Z - debug:  
2024-02-01T03:46:13.625Z - debug:  
2024-02-01T03:46:13.625Z - debug:  
2024-02-01T03:46:17.511Z - info: Pages built
2024-02-01T03:46:18.125Z - info: Site data built
2024-02-01T03:46:18.125Z - info: Website generation complete! Total build time: 89.936s
2024-02-01T03:46:18.125Z - info: Build success!
2024-02-01T03:46:28.798Z - info: Website generation started at 11:46:24 am
2024-02-01T03:46:31.021Z - info: Building assets...
2024-02-01T03:46:33.667Z - info: Assets built
2024-02-01T03:46:33.668Z - info: Generating pages...
2024-02-01T03:46:43.034Z - debug:  
2024-02-01T03:46:43.034Z - debug:  
2024-02-01T03:46:43.034Z - debug:  
2024-02-01T03:46:43.034Z - debug:  
2024-02-01T03:46:43.035Z - debug:  
2024-02-01T03:46:43.035Z - debug:  
2024-02-01T03:46:43.035Z - debug:  
2024-02-01T03:46:43.035Z - debug:  
2024-02-01T03:46:43.035Z - debug:  
2024-02-01T03:46:43.035Z - debug:  
2024-02-01T03:46:43.035Z - debug:  
2024-02-01T03:46:43.035Z - debug:  
2024-02-01T03:46:43.035Z - debug:  
2024-02-01T03:46:43.035Z - debug:  
2024-02-01T03:46:43.035Z - debug:  
2024-02-01T03:46:43.035Z - debug:  
2024-02-01T03:46:46.537Z - debug:  
2024-02-01T03:47:48.924Z - debug:  
2024-02-01T03:47:55.441Z - debug:  
2024-02-01T03:47:55.453Z - debug:  
2024-02-01T03:47:59.581Z - info: Pages built
2024-02-01T03:48:00.273Z - info: Site data built
2024-02-01T03:48:00.273Z - info: Website generation complete! Total build time: 95.582s
2024-02-01T03:48:00.304Z - info: Serving "D:\Teaching\CS2113\_AY2324S2\ay2324s2-website\_site" at http://127.0.0.1:8080
2024-02-01T03:48:00.304Z - info: Press CTRL+C to stop ...
2024-02-01T03:54:03.726Z - info: Website generation started at 11:54:00 am
2024-02-01T03:54:05.727Z - info: Building assets...
2024-02-01T03:54:07.901Z - info: Assets built
2024-02-01T03:54:07.902Z - info: Generating pages...
2024-02-01T03:54:15.854Z - debug:  
2024-02-01T03:54:15.854Z - debug:  
2024-02-01T03:54:15.854Z - debug:  
2024-02-01T03:54:15.855Z - debug:  
2024-02-01T03:54:15.855Z - debug:  
2024-02-01T03:54:15.855Z - debug:  
2024-02-01T03:54:15.855Z - debug:  
2024-02-01T03:54:15.855Z - debug:  
2024-02-01T03:54:15.855Z - debug:  
2024-02-01T03:54:15.855Z - debug:  
2024-02-01T03:54:15.855Z - debug:  
2024-02-01T03:54:15.855Z - debug:  
2024-02-01T03:54:15.855Z - debug:  
2024-02-01T03:54:15.855Z - debug:  
2024-02-01T03:54:15.855Z - debug:  
2024-02-01T03:54:15.856Z - debug:  
2024-02-01T03:54:18.092Z - debug:  
2024-02-01T03:55:12.785Z - debug:  
2024-02-01T03:55:18.747Z - debug:  
2024-02-01T03:55:18.752Z - debug:  
2024-02-01T03:55:22.348Z - info: Pages built
2024-02-01T03:55:22.912Z - info: Site data built
2024-02-01T03:55:22.912Z - info: Website generation complete! Total build time: 82.901s
2024-02-01T03:55:22.912Z - info: Build success!
2024-02-01T03:55:32.464Z - info: Website generation started at 11:55:28 am
2024-02-01T03:55:34.309Z - info: Building assets...
