2024-02-02T07:33:56.510Z - info: Website generation started at 3:33:51 pm
2024-02-02T07:33:58.646Z - info: Building assets...
2024-02-02T07:34:02.511Z - info: Assets built
2024-02-02T07:34:02.512Z - info: Generating pages...
2024-02-02T07:34:14.007Z - debug:  
2024-02-02T07:34:14.008Z - debug:  
2024-02-02T07:34:14.009Z - debug:  
2024-02-02T07:34:14.009Z - debug:  
2024-02-02T07:34:14.009Z - debug:  
2024-02-02T07:34:14.009Z - debug:  
2024-02-02T07:34:14.009Z - debug:  
2024-02-02T07:34:14.009Z - debug:  
2024-02-02T07:34:14.009Z - debug:  
2024-02-02T07:34:14.009Z - debug:  
2024-02-02T07:34:14.009Z - debug:  
2024-02-02T07:34:14.010Z - debug:  
2024-02-02T07:34:14.010Z - debug:  
2024-02-02T07:34:14.010Z - debug:  
2024-02-02T07:34:14.010Z - debug:  
2024-02-02T07:34:14.012Z - debug:  
2024-02-02T07:34:16.913Z - debug:  
2024-02-02T07:35:28.267Z - debug:  
2024-02-02T07:35:34.893Z - debug:  
2024-02-02T07:35:34.894Z - debug:  
2024-02-02T07:35:38.831Z - info: Pages built
2024-02-02T07:35:39.635Z - info: Site data built
2024-02-02T07:35:39.636Z - info: Website generation complete! Total build time: 108.104s
2024-02-02T07:35:39.636Z - info: Build success!
2024-02-02T07:35:50.710Z - info: Website generation started at 3:35:46 pm
2024-02-02T07:35:53.029Z - info: Building assets...
2024-02-02T07:35:56.114Z - info: Assets built
2024-02-02T07:35:56.115Z - info: Generating pages...
2024-02-02T07:36:05.276Z - debug:  
2024-02-02T07:36:05.277Z - debug:  
2024-02-02T07:36:05.277Z - debug:  
2024-02-02T07:36:05.277Z - debug:  
2024-02-02T07:36:05.277Z - debug:  
2024-02-02T07:36:05.277Z - debug:  
2024-02-02T07:36:05.277Z - debug:  
2024-02-02T07:36:05.278Z - debug:  
2024-02-02T07:36:05.278Z - debug:  
2024-02-02T07:36:05.278Z - debug:  
2024-02-02T07:36:05.278Z - debug:  
2024-02-02T07:36:05.278Z - debug:  
2024-02-02T07:36:05.278Z - debug:  
2024-02-02T07:36:05.278Z - debug:  
2024-02-02T07:36:05.278Z - debug:  
2024-02-02T07:36:05.278Z - debug:  
2024-02-02T07:36:07.476Z - debug:  
2024-02-02T07:37:04.660Z - debug:  
2024-02-02T07:37:10.473Z - debug:  
2024-02-02T07:37:10.484Z - debug:  
2024-02-02T07:37:14.430Z - info: Pages built
2024-02-02T07:37:15.072Z - info: Site data built
2024-02-02T07:37:15.072Z - info: Website generation complete! Total build time: 88.594s
2024-02-02T07:37:15.072Z - info: Build success!
2024-02-02T07:38:33.298Z - info: The website has been deployed at: https://nus-cs2113-ay2324s2.github.io/website
