2024-03-12T09:32:44.506Z - info: Website generation started at 5:32:38 pm
2024-03-12T09:32:49.051Z - info: Building assets...
2024-03-12T09:32:52.119Z - info: Assets built
2024-03-12T09:32:52.120Z - info: Generating pages...
2024-03-12T09:33:03.464Z - debug:  
2024-03-12T09:33:03.465Z - debug:  
2024-03-12T09:33:03.465Z - debug:  
2024-03-12T09:33:03.465Z - debug:  
2024-03-12T09:33:03.465Z - debug:  
2024-03-12T09:33:03.466Z - debug:  
2024-03-12T09:33:03.466Z - debug:  
2024-03-12T09:33:03.466Z - debug:  
2024-03-12T09:33:03.466Z - debug:  
2024-03-12T09:33:03.466Z - debug:  
2024-03-12T09:33:03.466Z - debug:  
2024-03-12T09:33:03.466Z - debug:  
2024-03-12T09:33:03.466Z - debug:  
2024-03-12T09:33:03.466Z - debug:  
2024-03-12T09:33:03.466Z - debug:  
2024-03-12T09:33:03.466Z - debug:  
2024-03-12T09:33:06.041Z - debug:  
2024-03-12T09:34:11.406Z - debug:  
2024-03-12T09:34:17.890Z - debug:  
2024-03-12T09:34:17.909Z - debug:  
2024-03-12T09:34:22.449Z - info: Pages built
2024-03-12T09:34:23.232Z - info: Site data built
2024-03-12T09:34:23.233Z - info: Website generation complete! Total build time: 104.494s
2024-03-12T09:34:23.233Z - info: Build success!
2024-03-12T09:34:35.608Z - info: Website generation started at 5:34:31 pm
2024-03-12T09:34:37.888Z - info: Building assets...
