2024-03-22T05:44:15.790Z - info: Website generation started at 1:44:10 pm
2024-03-22T05:44:19.034Z - info: Building assets...
2024-03-22T05:44:22.842Z - info: Assets built
2024-03-22T05:44:22.843Z - info: Generating pages...
2024-03-22T05:44:36.598Z - debug:  
2024-03-22T05:44:36.599Z - debug:  
2024-03-22T05:44:36.599Z - debug:  
2024-03-22T05:44:36.599Z - debug:  
2024-03-22T05:44:36.599Z - debug:  
2024-03-22T05:44:36.599Z - debug:  
2024-03-22T05:44:36.600Z - debug:  
2024-03-22T05:44:36.600Z - debug:  
2024-03-22T05:44:36.600Z - debug:  
2024-03-22T05:44:36.600Z - debug:  
2024-03-22T05:44:36.600Z - debug:  
2024-03-22T05:44:36.600Z - debug:  
2024-03-22T05:44:36.600Z - debug:  
2024-03-22T05:44:36.600Z - debug:  
2024-03-22T05:44:36.600Z - debug:  
2024-03-22T05:44:36.600Z - debug:  
2024-03-22T05:44:39.786Z - debug:  
2024-03-22T05:46:04.353Z - debug:  
2024-03-22T05:46:11.906Z - debug:  
2024-03-22T05:46:11.907Z - debug:  
2024-03-22T05:46:17.165Z - info: Pages built
2024-03-22T05:46:18.046Z - info: Site data built
2024-03-22T05:46:18.047Z - info: Website generation complete! Total build time: 127.578s
2024-03-22T05:46:18.047Z - info: Build success!
2024-03-22T05:46:32.635Z - info: Website generation started at 1:46:27 pm
2024-03-22T05:46:35.791Z - info: Building assets...
