2024-03-06T08:07:23.383Z - info: Website generation started at 4:07:18 pm
2024-03-06T08:07:26.893Z - info: Building assets...
2024-03-06T08:07:29.992Z - info: Assets built
2024-03-06T08:07:29.992Z - info: Generating pages...
2024-03-06T08:07:39.513Z - debug:  
2024-03-06T08:07:39.514Z - debug:  
2024-03-06T08:07:39.514Z - debug:  
2024-03-06T08:07:39.514Z - debug:  
2024-03-06T08:07:39.514Z - debug:  
2024-03-06T08:07:39.514Z - debug:  
2024-03-06T08:07:39.514Z - debug:  
2024-03-06T08:07:39.514Z - debug:  
2024-03-06T08:07:39.514Z - debug:  
2024-03-06T08:07:39.515Z - debug:  
2024-03-06T08:07:39.515Z - debug:  
2024-03-06T08:07:39.515Z - debug:  
2024-03-06T08:07:39.515Z - debug:  
2024-03-06T08:07:39.515Z - debug:  
2024-03-06T08:07:39.515Z - debug:  
2024-03-06T08:07:39.515Z - debug:  
2024-03-06T08:07:41.932Z - debug:  
2024-03-06T08:08:49.552Z - debug:  
2024-03-06T08:08:55.989Z - debug:  
2024-03-06T08:08:56.009Z - debug:  
2024-03-06T08:09:00.442Z - info: Pages built
2024-03-06T08:09:01.142Z - info: Site data built
2024-03-06T08:09:01.143Z - info: Website generation complete! Total build time: 103.081s
2024-03-06T08:09:01.143Z - info: Build success!
2024-03-06T08:09:12.782Z - info: Website generation started at 4:09:08 pm
2024-03-06T08:09:14.912Z - info: Building assets...
2024-03-06T08:09:17.705Z - info: Assets built
2024-03-06T08:09:17.705Z - info: Generating pages...
2024-03-06T08:09:26.081Z - debug:  
2024-03-06T08:09:26.081Z - debug:  
2024-03-06T08:09:26.082Z - debug:  
2024-03-06T08:09:26.082Z - debug:  
2024-03-06T08:09:26.082Z - debug:  
2024-03-06T08:09:26.082Z - debug:  
2024-03-06T08:09:26.082Z - debug:  
2024-03-06T08:09:26.082Z - debug:  
2024-03-06T08:09:26.082Z - debug:  
2024-03-06T08:09:26.082Z - debug:  
2024-03-06T08:09:26.082Z - debug:  
2024-03-06T08:09:26.082Z - debug:  
2024-03-06T08:09:26.082Z - debug:  
2024-03-06T08:09:26.083Z - debug:  
2024-03-06T08:09:26.083Z - debug:  
2024-03-06T08:09:26.083Z - debug:  
2024-03-06T08:09:28.256Z - debug:  
2024-03-06T08:10:26.056Z - debug:  
2024-03-06T08:10:32.144Z - debug:  
2024-03-06T08:10:32.155Z - debug:  
2024-03-06T08:10:36.430Z - info: Pages built
2024-03-06T08:10:37.059Z - info: Site data built
2024-03-06T08:10:37.059Z - info: Website generation complete! Total build time: 88.501s
2024-03-06T08:10:37.059Z - info: Build success!
2024-03-06T08:13:49.618Z - info: The website has been deployed at: https://nus-cs2113-ay2324s2.github.io/website
