2024-02-06T07:40:12.715Z - info: Website generation started at 3:40:08 pm
2024-02-06T07:40:15.494Z - info: Building assets...
2024-02-06T07:40:18.055Z - info: Assets built
2024-02-06T07:40:18.056Z - info: Generating pages...
2024-02-06T07:40:27.838Z - debug:  
2024-02-06T07:40:27.839Z - debug:  
2024-02-06T07:40:27.839Z - debug:  
2024-02-06T07:40:27.839Z - debug:  
2024-02-06T07:40:27.839Z - debug:  
2024-02-06T07:40:27.839Z - debug:  
2024-02-06T07:40:27.839Z - debug:  
2024-02-06T07:40:27.839Z - debug:  
2024-02-06T07:40:27.840Z - debug:  
2024-02-06T07:40:27.840Z - debug:  
2024-02-06T07:40:27.840Z - debug:  
2024-02-06T07:40:27.840Z - debug:  
2024-02-06T07:40:27.840Z - debug:  
2024-02-06T07:40:27.840Z - debug:  
2024-02-06T07:40:27.840Z - debug:  
2024-02-06T07:40:27.840Z - debug:  
2024-02-06T07:40:30.670Z - debug:  
2024-02-06T07:41:29.354Z - debug:  
2024-02-06T07:41:38.694Z - debug:  
2024-02-06T07:41:38.712Z - debug:  
2024-02-06T07:41:43.386Z - info: Pages built
2024-02-06T07:41:44.294Z - info: Site data built
2024-02-06T07:41:44.294Z - info: Website generation complete! Total build time: 95.704s
2024-02-06T07:41:44.295Z - info: Build success!
2024-02-06T07:41:55.908Z - info: Website generation started at 3:41:52 pm
2024-02-06T07:41:58.155Z - info: Building assets...
2024-02-06T07:42:01.286Z - info: Assets built
2024-02-06T07:42:01.287Z - info: Generating pages...
2024-02-06T07:42:10.479Z - debug:  
2024-02-06T07:42:10.480Z - debug:  
2024-02-06T07:42:10.480Z - debug:  
2024-02-06T07:42:10.480Z - debug:  
2024-02-06T07:42:10.480Z - debug:  
2024-02-06T07:42:10.480Z - debug:  
2024-02-06T07:42:10.481Z - debug:  
2024-02-06T07:42:10.481Z - debug:  
2024-02-06T07:42:10.481Z - debug:  
2024-02-06T07:42:10.481Z - debug:  
2024-02-06T07:42:10.481Z - debug:  
2024-02-06T07:42:10.481Z - debug:  
2024-02-06T07:42:10.481Z - debug:  
2024-02-06T07:42:10.481Z - debug:  
2024-02-06T07:42:10.481Z - debug:  
2024-02-06T07:42:10.481Z - debug:  
2024-02-06T07:42:12.785Z - debug:  
2024-02-06T07:43:23.979Z - debug:  
2024-02-06T07:43:30.245Z - debug:  
2024-02-06T07:43:30.245Z - debug:  
2024-02-06T07:43:34.517Z - info: Pages built
2024-02-06T07:43:35.242Z - info: Site data built
2024-02-06T07:43:35.242Z - info: Website generation complete! Total build time: 103.044s
2024-02-06T07:43:35.242Z - info: Build success!
2024-02-06T07:44:59.738Z - info: The website has been deployed at: https://nus-cs2113-ay2324s2.github.io/website
